This is pdfTeX, Version 3.141592653-2.6-1.40.27 (MiKTeX 25.4) (preloaded format=latex 2025.12.27)  27 DEC 2025 05:58
entering extended mode
 restricted \write18 enabled.
 %&-line parsing enabled.
**./media/Tex/90f07b07e57adf79.tex
(media/Tex/90f07b07e57adf79.tex
LaTeX2e <2025-11-01>
L3 programming layer <2025-11-06>

(C:\Users\pc4all\AppData\Local\Programs\MiKTeX\tex/latex/standalone\standalone.
cls
Document Class: standalone 2025/02/22 v1.5a Class to compile TeX sub-files stan
dalone
! Interruption.
<argument> __file_size:n {shellesc.sty}
                                       
l.64     \IfFileExists{shellesc.sty}
                                    {
You rang?
Try to insert an instruction for me (e.g., `I\showlists'),
unless you just want to quit by typing `X'.

 
Here is how much of TeX's memory you used:
 51 strings out of 467872
 1357 string characters out of 5417917
 433733 words of memory out of 5000000
 29024 multiletter control sequences out of 15000+600000
 627721 words of font info for 40 fonts, out of 8000000 for 9000
 1141 hyphenation exceptions out of 8191
 29i,0n,37p,141b,17s stack positions out of 10000i,1000n,20000p,200000b,200000s
No pages of output.
